<?xml version="1.0" encoding="UTF-8"?>
<!-- Generated by org.testng.reporters.JUnitReportReporter -->
<testsuite hostname="DESKTOP-G27CQL8" failures="0" tests="2" name="testmaven.Neostoxtestscriptpropertyfile" time="101.530" errors="0" timestamp="2022-12-15T07:22:10 GMT-08:00" skipped="0">
  <testcase classname="testmaven.Neostoxtestscriptpropertyfile" name="validateavilablebalance" time="80.524"/>
  <system-out/>
  <testcase classname="testmaven.Neostoxtestscriptpropertyfile" name="validateusername" time="21.006"/>
  <system-out>
    <![CDATA[tc pass username is successfully validated]]>
  </system-out>
</testsuite> <!-- testmaven.Neostoxtestscriptpropertyfile -->
