<?xml version="1.0" encoding="UTF-8"?>
<!-- Generated by org.testng.reporters.JUnitReportReporter -->
<testsuite hostname="DESKTOP-G27CQL8" failures="0" tests="1" name="testmaven.Amazontest" time="0.013" errors="0" timestamp="2022-12-05T20:17:06 GMT-08:00" skipped="0">
  <testcase classname="testmaven.Amazontest" name="f" time="0.013"/>
  <system-out/>
</testsuite> <!-- testmaven.Amazontest -->
