<?xml version="1.0" encoding="UTF-8"?>
<!-- Generated by org.testng.reporters.JUnitReportReporter -->
<testsuite hostname="DESKTOP-G27CQL8" failures="0" tests="2" name="testmaven.Neostoxtestscriptpropertyfile" time="42.093" errors="0" timestamp="2022-12-16T20:25:56 GMT-08:00" skipped="0">
  <testcase classname="testmaven.Neostoxtestscriptpropertyfile" name="validateusername" time="17.540"/>
  <system-out>
    <![CDATA[tc pass username is successfully validated]]>
  </system-out>
  <testcase classname="testmaven.Neostoxtestscriptpropertyfile" name="validateavilablebalance" time="24.553"/>
  <system-out/>
</testsuite> <!-- testmaven.Neostoxtestscriptpropertyfile -->
